<?xml version="1.0" encoding="UTF-8"?>
<testng-results skipped="0" failed="1" ignored="0" total="1" passed="0">
  <reporter-output>
  </reporter-output>
  <suite name="Default suite" duration-ms="1695" started-at="2021-02-23T14:39:33 IST" finished-at="2021-02-23T14:39:35 IST">
    <groups>
    </groups>
    <test name="Default test" duration-ms="1695" started-at="2021-02-23T14:39:33 IST" finished-at="2021-02-23T14:39:35 IST">
      <class name="com.eaton.api.framework.ApiTestSetup">
        <test-method status="PASS" signature="beforeSuite()[pri:0, instance:com.eaton.api.framework.ApiTestSetup@77eb5790]" name="beforeSuite" is-config="true" duration-ms="72" started-at="2021-02-23T14:39:33 IST" finished-at="2021-02-23T14:39:33 IST">
          <reporter-output>
          </reporter-output>
        </test-method> <!-- beforeSuite -->
      </class> <!-- com.eaton.api.framework.ApiTestSetup -->
      <class name="com.eaton.api.tests.v1.P1_SecurityTokenAPITests">
        <test-method status="FAIL" signature="successfullyLogin()[pri:0, instance:com.eaton.api.tests.v1.P1_SecurityTokenAPITests@7139bd31]" name="successfullyLogin" duration-ms="1587" started-at="2021-02-23T14:39:33 IST" description="Succesffully login to generate Authentication token" finished-at="2021-02-23T14:39:35 IST">
          <exception class="java.lang.AssertionError">
            <message>
              <![CDATA[expected [ OK] but found [HTTP/1.1 200 OK]]]>
            </message>
            <full-stacktrace>
              <![CDATA[java.lang.AssertionError: expected [ OK] but found [HTTP/1.1 200 OK]
at org.testng.Assert.fail(Assert.java:99)
at org.testng.Assert.failNotEquals(Assert.java:1037)
at org.testng.Assert.assertEqualsImpl(Assert.java:140)
at org.testng.Assert.assertEquals(Assert.java:122)
at org.testng.Assert.assertEquals(Assert.java:629)
at org.testng.Assert.assertEquals(Assert.java:639)
at com.eaton.api.tests.v1.P1_SecurityTokenAPITests.successfullyLogin(P1_SecurityTokenAPITests.java:23)
at sun.reflect.NativeMethodAccessorImpl.invoke0(Native Method)
at sun.reflect.NativeMethodAccessorImpl.invoke(Unknown Source)
at sun.reflect.DelegatingMethodAccessorImpl.invoke(Unknown Source)
at java.lang.reflect.Method.invoke(Unknown Source)
at org.testng.internal.MethodInvocationHelper.invokeMethod(MethodInvocationHelper.java:132)
at org.testng.internal.TestInvoker.invokeMethod(TestInvoker.java:599)
at org.testng.internal.TestInvoker.invokeTestMethod(TestInvoker.java:174)
at org.testng.internal.MethodRunner.runInSequence(MethodRunner.java:46)
at org.testng.internal.TestInvoker$MethodInvocationAgent.invoke(TestInvoker.java:822)
at org.testng.internal.TestInvoker.invokeTestMethods(TestInvoker.java:147)
at org.testng.internal.TestMethodWorker.invokeTestMethods(TestMethodWorker.java:146)
at org.testng.internal.TestMethodWorker.run(TestMethodWorker.java:128)
at java.util.ArrayList.forEach(Unknown Source)
at org.testng.TestRunner.privateRun(TestRunner.java:764)
at org.testng.TestRunner.run(TestRunner.java:585)
at org.testng.SuiteRunner.runTest(SuiteRunner.java:384)
at org.testng.SuiteRunner.runSequentially(SuiteRunner.java:378)
at org.testng.SuiteRunner.privateRun(SuiteRunner.java:337)
at org.testng.SuiteRunner.run(SuiteRunner.java:286)
at org.testng.SuiteRunnerWorker.runSuite(SuiteRunnerWorker.java:53)
at org.testng.SuiteRunnerWorker.run(SuiteRunnerWorker.java:96)
at org.testng.TestNG.runSuitesSequentially(TestNG.java:1218)
at org.testng.TestNG.runSuitesLocally(TestNG.java:1140)
at org.testng.TestNG.runSuites(TestNG.java:1069)
at org.testng.TestNG.run(TestNG.java:1037)
at org.testng.remote.AbstractRemoteTestNG.run(AbstractRemoteTestNG.java:115)
at org.testng.remote.RemoteTestNG.initAndRun(RemoteTestNG.java:251)
at org.testng.remote.RemoteTestNG.main(RemoteTestNG.java:77)
]]>
            </full-stacktrace>
          </exception> <!-- java.lang.AssertionError -->
          <reporter-output>
          </reporter-output>
        </test-method> <!-- successfullyLogin -->
      </class> <!-- com.eaton.api.tests.v1.P1_SecurityTokenAPITests -->
    </test> <!-- Default test -->
  </suite> <!-- Default suite -->
</testng-results>
